<?xml version="1.0" encoding="UTF-8"?>
<!-- Generated by org.testng.reporters.JUnitXMLReporter -->
<testsuite ignored="0" hostname="DESKTOP-H0PI4DT" failures="0" tests="2" name="Sauce Test - FF" time="37.899" errors="0" timestamp="2022-05-02T18:58:07 IST">
  <testcase classname="sauceLabIntegrationExample.HRMLoginTest" name="check_DashboardTest" time="7.209"/>
  <testcase classname="sauceLabIntegrationExample.HRMLoginTest" name="check_WelcomeTest" time="8.129"/>
</testsuite> <!-- Sauce Test - FF -->
