<?xml version="1.0" encoding="UTF-8"?>
<!-- Generated by org.testng.reporters.JUnitXMLReporter -->
<testsuite ignored="0" hostname="DESKTOP-H0PI4DT" failures="0" tests="2" name="Sauce Test - chrome" time="34.651" errors="0" timestamp="2022-05-02T18:58:04 IST">
  <testcase classname="sauceLabIntegrationExample.HRMLoginTest" name="check_DashboardTest" time="7.583"/>
  <testcase classname="sauceLabIntegrationExample.HRMLoginTest" name="check_WelcomeTest" time="10.136"/>
</testsuite> <!-- Sauce Test - chrome -->
