<?xml version="1.0" encoding="UTF-8"?>
<!-- Generated by org.testng.reporters.JUnitXMLReporter -->
<testsuite hostname="DESKTOP-H0PI4DT" ignored="0" name="Test" tests="4" failures="0" timestamp="2022-04-23T22:42:48 IST" time="18.219" errors="0">
  <testcase name="verifyAppTitle" time="0.02" classname="tests.LoginTest"/>
  <testcase name="verifyforgotPassword" time="0.168" classname="tests.LoginTest"/>
  <testcase name="verifyLoginWithValidUserdetails" time="5.208" classname="tests.LoginTest"/>
  <testcase name="verifyLogout" time="0.0" classname="tests.LoginTest"/>
</testsuite> <!-- Test -->
