<?xml version="1.0" encoding="UTF-8"?>
<testng-results ignored="0" total="1" passed="1" failed="0" skipped="0">
  <reporter-output>
  </reporter-output>
  <suite started-at="2022-05-09T22:05:12 IST" name="Default suite" finished-at="2022-05-09T22:06:15 IST" duration-ms="63057">
    <groups>
    </groups>
    <test started-at="2022-05-09T22:05:12 IST" name="Default test" finished-at="2022-05-09T22:06:15 IST" duration-ms="63057">
      <class name="appiumMobileAutomationExample.WebApp_AmazonSearchTestOn_CloudDevice">
        <test-method is-config="true" signature="setUp(java.lang.reflect.Method)[pri:0, instance:appiumMobileAutomationExample.WebApp_AmazonSearchTestOn_CloudDevice@2d710f1a]" started-at="2022-05-09T22:05:12 IST" name="setUp" finished-at="2022-05-09T22:05:58 IST" duration-ms="46143" status="PASS">
          <params>
            <param index="0">
              <value>
                <![CDATA[public void appiumMobileAutomationExample.WebApp_AmazonSearchTestOn_CloudDevice.addSearchItemsOnAmazonTest() throws java.lang.Exception]]>
              </value>
            </param>
          </params>
          <reporter-output>
          </reporter-output>
        </test-method> <!-- setUp -->
        <test-method signature="addSearchItemsOnAmazonTest()[pri:1, instance:appiumMobileAutomationExample.WebApp_AmazonSearchTestOn_CloudDevice@2d710f1a]" started-at="2022-05-09T22:05:58 IST" name="addSearchItemsOnAmazonTest" finished-at="2022-05-09T22:06:15 IST" duration-ms="16071" status="PASS">
          <reporter-output>
          </reporter-output>
        </test-method> <!-- addSearchItemsOnAmazonTest -->
        <test-method is-config="true" signature="tearDown()[pri:0, instance:appiumMobileAutomationExample.WebApp_AmazonSearchTestOn_CloudDevice@2d710f1a]" started-at="2022-05-09T22:06:15 IST" name="tearDown" finished-at="2022-05-09T22:06:15 IST" duration-ms="713" status="PASS">
          <reporter-output>
          </reporter-output>
        </test-method> <!-- tearDown -->
      </class> <!-- appiumMobileAutomationExample.WebApp_AmazonSearchTestOn_CloudDevice -->
    </test> <!-- Default test -->
  </suite> <!-- Default suite -->
</testng-results>
